--- Job hw2-3.inc Start 09/19/23 17:12:40 44.3.0 8b8fb1cb WEX-WEI x86 64bit/MS Windows
--- Applying:
    C:\GAMS\44\gmsprmNT.txt
--- GAMS Parameters defined
    Input C:\Users\Rocke\OneDrive\Documents\isye524\hw\hw2\hw2-3.inc
    PageSize 0
    ScrDir C:\Users\Rocke\OneDrive\Documents\isye524\hw\hw2\225a\
    SysDir C:\GAMS\44\
    LogOption 3
    ErrMsg 1
    ErrorLog 99
    IDE 1
    LstTitleLeftAligned 1
Licensee: GAMS Demo, for EULA and demo limitations see   G230706/0001CB-GEN
          https://www.gams.com/latest/docs/UG%5FLicense.html         DC0000
          C:\GAMS\44\gamslice.txt
          Demo license for demonstration and instructional purposes only
Processor information: 1 socket(s), 4 core(s), and 8 thread(s) available
GAMS 44.3.0   Copyright (C) 1987-2023 GAMS Development. All rights reserved
--- Starting compilation
--- hw2-3.inc(9) 3 Mb 2 Errors
*** Error 170 in C:\Users\Rocke\OneDrive\Documents\isye524\hw\hw2\hw2-3.inc
    Domain violation for element
*** Error 170 in C:\Users\Rocke\OneDrive\Documents\isye524\hw\hw2\hw2-3.inc
    Domain violation for element
--- hw2-3.inc(10) 3 Mb 4 Errors
*** Error 120 in C:\Users\Rocke\OneDrive\Documents\isye524\hw\hw2\hw2-3.inc
    Unknown identifier entered as set
*** Error 120 in C:\Users\Rocke\OneDrive\Documents\isye524\hw\hw2\hw2-3.inc
    Unknown identifier entered as set
--- hw2-3.inc(11) 3 Mb 5 Errors
*** Error 120 in C:\Users\Rocke\OneDrive\Documents\isye524\hw\hw2\hw2-3.inc
    Unknown identifier entered as set
--- hw2-3.inc(18) 3 Mb 7 Errors
*** Error 361 in C:\Users\Rocke\OneDrive\Documents\isye524\hw\hw2\hw2-3.inc
    Values for domain 1 are unknown - no checking possible
*** Error 362 in C:\Users\Rocke\OneDrive\Documents\isye524\hw\hw2\hw2-3.inc
    Values for domain 2 are unknown - no checking possible
--- hw2-3.inc(25) 3 Mb 9 Errors
*** Error 361 in C:\Users\Rocke\OneDrive\Documents\isye524\hw\hw2\hw2-3.inc
    Values for domain 1 are unknown - no checking possible
*** Error 362 in C:\Users\Rocke\OneDrive\Documents\isye524\hw\hw2\hw2-3.inc
    Values for domain 2 are unknown - no checking possible
--- hw2-3.inc(30) 3 Mb 9 Errors
*** Status: Compilation error(s)
--- Job hw2-3.inc Stop 09/19/23 17:12:40 elapsed 0:00:00.010
