
--- Job mcgreasy2.gms Start 09/20/23 16:24:26 44.3.0 8b8fb1cb WEX-WEI x86 64bit/MS Windows
--- Applying:
    C:\GAMS\44\gmsprmNT.txt
--- GAMS Parameters defined
    Input C:\Users\Rocke\OneDrive\Documents\isye524\lectures\topbrassex\mcgreasy2.gms
    PageSize 0
    ScrDir C:\Users\Rocke\OneDrive\Documents\isye524\lectures\topbrassex\225a\
    SysDir C:\GAMS\44\
    LogOption 3
    ErrMsg 1
    ErrorLog 99
    IDE 1
    LstTitleLeftAligned 1
Licensee: GAMS Demo, for EULA and demo limitations see   G230706/0001CB-GEN
          https://www.gams.com/latest/docs/UG%5FLicense.html         DC0000
          C:\GAMS\44\gamslice.txt
          Demo license for demonstration and instructional purposes only
Processor information: 1 socket(s), 4 core(s), and 8 thread(s) available
GAMS 44.3.0   Copyright (C) 1987-2023 GAMS Development. All rights reserved
--- Starting compilation
--- mcgreasy2.gms(128) 3 Mb
--- Starting execution: elapsed 0:00:00.007
--- mcgreasy2.gms(123) 4 Mb
--- Generating NLP model ratiomodel
--- mcgreasy2.gms(116) 6 Mb
*** Error at line 116: division by zero (0)
--- mcgreasy2.gms(119) 6 Mb 1 Error
*** Error at line 119: division by zero (0)
--- mcgreasy2.gms(128) 4 Mb 2 Errors
*** SOLVE aborted
--- mcgreasy2.gms(128) 4 Mb 2 Errors
*** Status: Execution error(s)
--- Job mcgreasy2.gms Stop 09/20/23 16:24:26 elapsed 0:00:00.009
