
--- Job hw8-2.gms Start 11/19/23 22:20:51 45.1.0 88bbff72 WEX-WEI x86 64bit/MS Windows
--- Applying:
    C:\GAMS\45\gmsprmNT.txt
--- GAMS Parameters defined
    Input C:\Users\Rocke\OneDrive\Documents\isye524\hw\hw8\hw8-2.gms
    PageSize 0
    ScrDir C:\Users\Rocke\OneDrive\Documents\isye524\hw\hw8\225a\
    SysDir C:\GAMS\45\
    LogOption 3
    ErrMsg 1
    ErrorLog 99
    IDE 1
    LstTitleLeftAligned 1
Licensee: Introduction to Optimization (CS/ISyE/ECE 524) G230906|0002AS-GEN
          UW-Madison, CS Dept., Fall 2023, Prof. Ferris              DCE850
          C:\GAMS\45\gamslice.txt
          License Admin: Michael C. Ferris, ferris@cs.wisc.edu             
          Course license for use within the course and related course work
          The evaluation period of the license will expire on Feb 03, 2024
Processor information: 1 socket(s), 4 core(s), and 8 thread(s) available
GAMS 45.1.0   Copyright (C) 1987-2023 GAMS Development. All rights reserved
--- Starting compilation
--- hw8-2.gms(5) 2 Mb
--- GDXin=C:\Users\Rocke\OneDrive\Documents\isye524\hw\hw8\nltrans.gdx
--- GDX File ($gdxIn) C:\Users\Rocke\OneDrive\Documents\isye524\hw\hw8\nltrans.gdx
--- hw8-2.gms(105) 3 Mb
--- Starting execution: elapsed 0:00:00.012
--- hw8-2.gms(30) 4 Mb
--- Generating NLP model nltrans
--- hw8-2.gms(32) 6 Mb
---   11 rows  22 columns  64 non-zeroes
---   212 nl-code  21 nl-non-zeroes
--- Range statistics (absolute non-zero finite values)
--- RHS       [min, max] : [ 4.000E+02, 2.900E+03] - Zero values observed as well
--- Bound     [min, max] : [ 1.000E-10, 9.900E+02]
--- Matrix    [min, max] : [ 1.000E+00, 1.375E+02]
--- hw8-2.gms(32) 4 Mb
--- Executing CONOPT (Solvelink=2): elapsed 0:00:00.025

CONOPT 3         45.1.0 88bbff72 Oct 14, 2023          WEI x86 64bit/MS Window

 
 
    C O N O P T 3   version 3.17O
    Copyright (C)   ARKI Consulting and Development A/S
                    Bagsvaerdvej 246 A
                    DK-2880 Bagsvaerd, Denmark
 
 
   Iter Phase Ninf   Infeasibility   RGmax    NSB   Step InItr MX OK
      0   0        2.2060043872E+05 (Input point)
 
                   Pre-triangular equations:   0
                   Post-triangular equations:  1
 
      1   0        4.4740000000E+03 (After pre-processing)
      2   0        7.2011718750E+00 (After scaling)
     10   0     1  1.8041124150E-16               1.0E+00      F  T
 
 ** Feasible solution. Value of objective =    263121.050577
 
   Iter Phase Ninf     Objective     RGmax    NSB   Step InItr MX OK
     11   3        2.6126280033E+05 4.1E+03     7 1.0E+00    1 F  T
     16   4        2.5962039758E+05 3.1E+02     6 1.0E+00    6 F  T
     21   4        2.5961516035E+05 5.6E-08     7
 
 ** Optimal solution. Reduced gradient less than tolerance.
 
--- Reading solution for model nltrans
--- Executing after solve: elapsed 0:00:00.077
--- hw8-2.gms(57) 4 Mb
--- Generating MIP model transport
--- hw8-2.gms(97) 4 Mb
---   200 rows  169 columns  589 non-zeroes
---   63 discrete-columns
--- Range statistics (absolute non-zero finite values)
--- RHS       [min, max] : [ 1.000E+00, 2.900E+03] - Zero values observed as well
--- Bound     [min, max] : [ 1.000E+00, 1.000E+00] - Zero values observed as well
--- Matrix    [min, max] : [ 1.000E-10, 9.900E+02]
--- Executing CPLEX (Solvelink=2): elapsed 0:00:00.082

IBM ILOG CPLEX   45.1.0 88bbff72 Oct 14, 2023          WEI x86 64bit/MS Window

--- GAMS/CPLEX licensed for continuous and discrete problems.
--- GMO setup time: 0.00s
--- GMO memory 0.54 Mb (peak 0.54 Mb)
--- Dictionary memory 0.00 Mb
--- Cplex 22.1.1.0 link memory 0.01 Mb (peak 0.02 Mb)
--- Starting Cplex

Version identifier: 22.1.1.0 | 2022-11-27 | 9160aff4d
CPXPARAM_Advance                                 0
CPXPARAM_Threads                                 1
CPXPARAM_MIP_Display                             4
CPXPARAM_MIP_Pool_Capacity                       0
CPXPARAM_MIP_Tolerances_AbsMIPGap                0
Generic callback                                 0x50
Tried aggregator 2 times.
MIP Presolve eliminated 28 rows and 28 columns.
MIP Presolve modified 8 coefficients.
Aggregator did 29 substitutions.
Reduced MIP has 142 rows, 112 columns, and 410 nonzeros.
Reduced MIP has 57 binaries, 0 generals, 0 SOSs, and 0 indicators.
Presolve time = 0.00 sec. (0.38 ticks)
Found incumbent of value 262668.085776 after 0.02 sec. (0.81 ticks)
Probing fixed 2 vars, tightened 9 bounds.
Probing time = 0.00 sec. (0.08 ticks)
Cover probing fixed 1 vars, tightened 4 bounds.
Tried aggregator 2 times.
Detecting symmetries...
MIP Presolve eliminated 5 rows and 5 columns.
Aggregator did 4 substitutions.
Reduced MIP has 133 rows, 103 columns, and 383 nonzeros.
Reduced MIP has 51 binaries, 0 generals, 0 SOSs, and 0 indicators.
Presolve time = 0.00 sec. (0.30 ticks)
Probing fixed 3 vars, tightened 13 bounds.
Probing time = 0.00 sec. (0.06 ticks)
Cover probing fixed 0 vars, tightened 7 bounds.
Clique table members: 32.
MIP emphasis: balance optimality and feasibility.
MIP search method: dynamic search.
Parallel mode: none, using 1 thread.
Tried aggregator 1 time.
LP Presolve eliminated 18 rows and 6 columns.
Reduced LP has 115 rows, 97 columns, and 341 nonzeros.
Presolve time = 0.00 sec. (0.07 ticks)
Initializing dual steep norms . . .

Iteration log . . .
Iteration:     1   Dual objective     =        164401.068398
Iteration:    62   Dual objective     =        260110.707086
Initializing dual steep norms . . .
Root relaxation solution time = 0.00 sec. (0.44 ticks)

        Nodes                                         Cuts/
   Node  Left     Objective  IInf  Best Integer    Best Bound    ItCnt     Gap

*     0+    0                       262668.0858   -59754.5667           122.75%
Found incumbent of value 262668.085776 after 0.02 sec. (1.85 ticks)
      0     0   260110.7071     4   262668.0858   260110.7071       63    0.97%
*     0+    0                       260197.3709   260110.7071             0.03%
Found incumbent of value 260197.370887 after 0.02 sec. (2.05 ticks)
*     0     0      integral     0   260110.7071       Cuts: 3       65    0.00%
Found incumbent of value 260110.707086 after 0.02 sec. (2.43 ticks)
      0     0        cutoff         260110.7071   260110.7071       65    0.00%
Elapsed time = 0.02 sec. (2.43 ticks, tree = 0.01 MB)

Flow cuts applied:  2
Gomory fractional cuts applied:  1

Root node processing (before b&c):
  Real time             =    0.02 sec. (2.44 ticks)
Sequential b&c:
  Real time             =    0.00 sec. (0.00 ticks)
                          ------------
Total (root+branch&cut) =    0.02 sec. (2.44 ticks)

--- MIP status (101): integer optimal solution.
--- Cplex Time: 0.02sec (det. 2.44 ticks)

--- Returning a primal only solution to GAMS (marginals all set to NA).
--- Fixing integer variables and solving final LP...

Version identifier: 22.1.1.0 | 2022-11-27 | 9160aff4d
CPXPARAM_Advance                                 2
CPXPARAM_Threads                                 1
CPXPARAM_MIP_Display                             4
CPXPARAM_MIP_Pool_Capacity                       0
CPXPARAM_MIP_Tolerances_AbsMIPGap                0
Tried aggregator 1 time.
LP Presolve eliminated 169 rows and 127 columns.
Aggregator did 21 substitutions.
Reduced LP has 9 rows, 21 columns, and 35 nonzeros.
Presolve time = 0.00 sec. (0.12 ticks)
Initializing dual steep norms . . .

Iteration log . . .
Iteration:     1   Dual objective     =        256368.025810

--- Fixed MIP status (1): optimal.
--- Cplex Time: 0.00sec (det. 0.21 ticks)


Proven optimal solution
MIP Solution:       260110.707086    (65 iterations, 0 nodes)
Final Solve:        260110.707086    (8 iterations)

Best possible:      260110.707086
Absolute gap:           -0.000000
Relative gap:           -0.000000

--- Reading solution for model transport
*** Status: Normal completion
--- Job hw8-2.gms Stop 11/19/23 22:20:52 elapsed 0:00:00.149
